[2022-11-21 11:56:03] local.ERROR: In order to use the Auth::routes() method, please install the laravel/ui package. {"exception":"[object] (RuntimeException(code: 0): In order to use the Auth::routes() method, please install the laravel/ui package. at /Applications/MAMP/htdocs/laravel-go/vendor/laravel/framework/src/Illuminate/Support/Facades/Auth.php:60)
[stacktrace]
#0 /Applications/MAMP/htdocs/laravel-go/routes/web.php(23): Illuminate\\Support\\Facades\\Auth::routes()
#1 /Applications/MAMP/htdocs/laravel-go/vendor/laravel/framework/src/Illuminate/Routing/RouteFileRegistrar.php(35): require('/Applications/M...')
#2 /Applications/MAMP/htdocs/laravel-go/vendor/laravel/framework/src/Illuminate/Routing/Router.php(432): Illuminate\\Routing\\RouteFileRegistrar->register('/Applications/M...')
#3 /Applications/MAMP/htdocs/laravel-go/vendor/laravel/framework/src/Illuminate/Routing/Router.php(386): Illuminate\\Routing\\Router->loadRoutes('/Applications/M...')
#4 /Applications/MAMP/htdocs/laravel-go/vendor/laravel/framework/src/Illuminate/Routing/RouteRegistrar.php(166): Illuminate\\Routing\\Router->group(Array, '/Applications/M...')
#5 /Applications/MAMP/htdocs/laravel-go/app/Providers/RouteServiceProvider.php(37): Illuminate\\Routing\\RouteRegistrar->group('/Applications/M...')
#6 /Applications/MAMP/htdocs/laravel-go/vendor/laravel/framework/src/Illuminate/Container/BoundMethod.php(36): App\\Providers\\RouteServiceProvider->App\\Providers\\{closure}()
#7 /Applications/MAMP/htdocs/laravel-go/vendor/laravel/framework/src/Illuminate/Container/Util.php(41): Illuminate\\Container\\BoundMethod::Illuminate\\Container\\{closure}()
#8 /Applications/MAMP/htdocs/laravel-go/vendor/laravel/framework/src/Illuminate/Container/BoundMethod.php(81): Illuminate\\Container\\Util::unwrapIfClosure(Object(Closure))
#9 /Applications/MAMP/htdocs/laravel-go/vendor/laravel/framework/src/Illuminate/Container/BoundMethod.php(37): Illuminate\\Container\\BoundMethod::callBoundMethod(Object(Illuminate\\Foundation\\Application), Object(Closure), Object(Closure))
#10 /Applications/MAMP/htdocs/laravel-go/vendor/laravel/framework/src/Illuminate/Container/Container.php(651): Illuminate\\Container\\BoundMethod::call(Object(Illuminate\\Foundation\\Application), Object(Closure), Array, NULL)
#11 /Applications/MAMP/htdocs/laravel-go/vendor/laravel/framework/src/Illuminate/Foundation/Support/Providers/RouteServiceProvider.php(120): Illuminate\\Container\\Container->call(Object(Closure))
#12 /Applications/MAMP/htdocs/laravel-go/vendor/laravel/framework/src/Illuminate/Foundation/Support/Providers/RouteServiceProvider.php(45): Illuminate\\Foundation\\Support\\Providers\\RouteServiceProvider->loadRoutes()
#13 /Applications/MAMP/htdocs/laravel-go/vendor/laravel/framework/src/Illuminate/Container/BoundMethod.php(36): Illuminate\\Foundation\\Support\\Providers\\RouteServiceProvider->Illuminate\\Foundation\\Support\\Providers\\{closure}()
#14 /Applications/MAMP/htdocs/laravel-go/vendor/laravel/framework/src/Illuminate/Container/Util.php(41): Illuminate\\Container\\BoundMethod::Illuminate\\Container\\{closure}()
#15 /Applications/MAMP/htdocs/laravel-go/vendor/laravel/framework/src/Illuminate/Container/BoundMethod.php(81): Illuminate\\Container\\Util::unwrapIfClosure(Object(Closure))
#16 /Applications/MAMP/htdocs/laravel-go/vendor/laravel/framework/src/Illuminate/Container/BoundMethod.php(37): Illuminate\\Container\\BoundMethod::callBoundMethod(Object(Illuminate\\Foundation\\Application), Object(Closure), Object(Closure))
#17 /Applications/MAMP/htdocs/laravel-go/vendor/laravel/framework/src/Illuminate/Container/Container.php(651): Illuminate\\Container\\BoundMethod::call(Object(Illuminate\\Foundation\\Application), Object(Closure), Array, NULL)
#18 /Applications/MAMP/htdocs/laravel-go/vendor/laravel/framework/src/Illuminate/Support/ServiceProvider.php(119): Illuminate\\Container\\Container->call(Object(Closure))
#19 /Applications/MAMP/htdocs/laravel-go/vendor/laravel/framework/src/Illuminate/Foundation/Application.php(936): Illuminate\\Support\\ServiceProvider->callBootedCallbacks()
#20 /Applications/MAMP/htdocs/laravel-go/vendor/laravel/framework/src/Illuminate/Foundation/Application.php(914): Illuminate\\Foundation\\Application->bootProvider(Object(App\\Providers\\RouteServiceProvider))
#21 [internal function]: Illuminate\\Foundation\\Application->Illuminate\\Foundation\\{closure}(Object(App\\Providers\\RouteServiceProvider), 23)
#22 /Applications/MAMP/htdocs/laravel-go/vendor/laravel/framework/src/Illuminate/Foundation/Application.php(915): array_walk(Array, Object(Closure))
#23 /Applications/MAMP/htdocs/laravel-go/vendor/laravel/framework/src/Illuminate/Foundation/Bootstrap/BootProviders.php(17): Illuminate\\Foundation\\Application->boot()
#24 /Applications/MAMP/htdocs/laravel-go/vendor/laravel/framework/src/Illuminate/Foundation/Application.php(242): Illuminate\\Foundation\\Bootstrap\\BootProviders->bootstrap(Object(Illuminate\\Foundation\\Application))
#25 /Applications/MAMP/htdocs/laravel-go/vendor/laravel/framework/src/Illuminate/Foundation/Console/Kernel.php(383): Illuminate\\Foundation\\Application->bootstrapWith(Array)
#26 /Applications/MAMP/htdocs/laravel-go/vendor/laravel/framework/src/Illuminate/Foundation/Console/Kernel.php(153): Illuminate\\Foundation\\Console\\Kernel->bootstrap()
#27 /Applications/MAMP/htdocs/laravel-go/artisan(37): Illuminate\\Foundation\\Console\\Kernel->handle(Object(Symfony\\Component\\Console\\Input\\ArgvInput), Object(Symfony\\Component\\Console\\Output\\ConsoleOutput))
#28 {main}
"} 
[2022-11-21 11:56:14] local.ERROR: In order to use the Auth::routes() method, please install the laravel/ui package. {"exception":"[object] (RuntimeException(code: 0): In order to use the Auth::routes() method, please install the laravel/ui package. at /Applications/MAMP/htdocs/laravel-go/vendor/laravel/framework/src/Illuminate/Support/Facades/Auth.php:60)
[stacktrace]
#0 /Applications/MAMP/htdocs/laravel-go/routes/web.php(23): Illuminate\\Support\\Facades\\Auth::routes()
#1 /Applications/MAMP/htdocs/laravel-go/vendor/laravel/framework/src/Illuminate/Routing/RouteFileRegistrar.php(35): require('/Applications/M...')
#2 /Applications/MAMP/htdocs/laravel-go/vendor/laravel/framework/src/Illuminate/Routing/Router.php(432): Illuminate\\Routing\\RouteFileRegistrar->register('/Applications/M...')
#3 /Applications/MAMP/htdocs/laravel-go/vendor/laravel/framework/src/Illuminate/Routing/Router.php(386): Illuminate\\Routing\\Router->loadRoutes('/Applications/M...')
#4 /Applications/MAMP/htdocs/laravel-go/vendor/laravel/framework/src/Illuminate/Routing/RouteRegistrar.php(166): Illuminate\\Routing\\Router->group(Array, '/Applications/M...')
#5 /Applications/MAMP/htdocs/laravel-go/app/Providers/RouteServiceProvider.php(37): Illuminate\\Routing\\RouteRegistrar->group('/Applications/M...')
#6 /Applications/MAMP/htdocs/laravel-go/vendor/laravel/framework/src/Illuminate/Container/BoundMethod.php(36): App\\Providers\\RouteServiceProvider->App\\Providers\\{closure}()
#7 /Applications/MAMP/htdocs/laravel-go/vendor/laravel/framework/src/Illuminate/Container/Util.php(41): Illuminate\\Container\\BoundMethod::Illuminate\\Container\\{closure}()
#8 /Applications/MAMP/htdocs/laravel-go/vendor/laravel/framework/src/Illuminate/Container/BoundMethod.php(81): Illuminate\\Container\\Util::unwrapIfClosure(Object(Closure))
#9 /Applications/MAMP/htdocs/laravel-go/vendor/laravel/framework/src/Illuminate/Container/BoundMethod.php(37): Illuminate\\Container\\BoundMethod::callBoundMethod(Object(Illuminate\\Foundation\\Application), Object(Closure), Object(Closure))
#10 /Applications/MAMP/htdocs/laravel-go/vendor/laravel/framework/src/Illuminate/Container/Container.php(651): Illuminate\\Container\\BoundMethod::call(Object(Illuminate\\Foundation\\Application), Object(Closure), Array, NULL)
#11 /Applications/MAMP/htdocs/laravel-go/vendor/laravel/framework/src/Illuminate/Foundation/Support/Providers/RouteServiceProvider.php(120): Illuminate\\Container\\Container->call(Object(Closure))
#12 /Applications/MAMP/htdocs/laravel-go/vendor/laravel/framework/src/Illuminate/Foundation/Support/Providers/RouteServiceProvider.php(45): Illuminate\\Foundation\\Support\\Providers\\RouteServiceProvider->loadRoutes()
#13 /Applications/MAMP/htdocs/laravel-go/vendor/laravel/framework/src/Illuminate/Container/BoundMethod.php(36): Illuminate\\Foundation\\Support\\Providers\\RouteServiceProvider->Illuminate\\Foundation\\Support\\Providers\\{closure}()
#14 /Applications/MAMP/htdocs/laravel-go/vendor/laravel/framework/src/Illuminate/Container/Util.php(41): Illuminate\\Container\\BoundMethod::Illuminate\\Container\\{closure}()
#15 /Applications/MAMP/htdocs/laravel-go/vendor/laravel/framework/src/Illuminate/Container/BoundMethod.php(81): Illuminate\\Container\\Util::unwrapIfClosure(Object(Closure))
#16 /Applications/MAMP/htdocs/laravel-go/vendor/laravel/framework/src/Illuminate/Container/BoundMethod.php(37): Illuminate\\Container\\BoundMethod::callBoundMethod(Object(Illuminate\\Foundation\\Application), Object(Closure), Object(Closure))
#17 /Applications/MAMP/htdocs/laravel-go/vendor/laravel/framework/src/Illuminate/Container/Container.php(651): Illuminate\\Container\\BoundMethod::call(Object(Illuminate\\Foundation\\Application), Object(Closure), Array, NULL)
#18 /Applications/MAMP/htdocs/laravel-go/vendor/laravel/framework/src/Illuminate/Support/ServiceProvider.php(119): Illuminate\\Container\\Container->call(Object(Closure))
#19 /Applications/MAMP/htdocs/laravel-go/vendor/laravel/framework/src/Illuminate/Foundation/Application.php(936): Illuminate\\Support\\ServiceProvider->callBootedCallbacks()
#20 /Applications/MAMP/htdocs/laravel-go/vendor/laravel/framework/src/Illuminate/Foundation/Application.php(914): Illuminate\\Foundation\\Application->bootProvider(Object(App\\Providers\\RouteServiceProvider))
#21 [internal function]: Illuminate\\Foundation\\Application->Illuminate\\Foundation\\{closure}(Object(App\\Providers\\RouteServiceProvider), 23)
#22 /Applications/MAMP/htdocs/laravel-go/vendor/laravel/framework/src/Illuminate/Foundation/Application.php(915): array_walk(Array, Object(Closure))
#23 /Applications/MAMP/htdocs/laravel-go/vendor/laravel/framework/src/Illuminate/Foundation/Bootstrap/BootProviders.php(17): Illuminate\\Foundation\\Application->boot()
#24 /Applications/MAMP/htdocs/laravel-go/vendor/laravel/framework/src/Illuminate/Foundation/Application.php(242): Illuminate\\Foundation\\Bootstrap\\BootProviders->bootstrap(Object(Illuminate\\Foundation\\Application))
#25 /Applications/MAMP/htdocs/laravel-go/vendor/laravel/framework/src/Illuminate/Foundation/Console/Kernel.php(383): Illuminate\\Foundation\\Application->bootstrapWith(Array)
#26 /Applications/MAMP/htdocs/laravel-go/vendor/laravel/framework/src/Illuminate/Foundation/Console/Kernel.php(153): Illuminate\\Foundation\\Console\\Kernel->bootstrap()
#27 /Applications/MAMP/htdocs/laravel-go/artisan(37): Illuminate\\Foundation\\Console\\Kernel->handle(Object(Symfony\\Component\\Console\\Input\\ArgvInput), Object(Symfony\\Component\\Console\\Output\\ConsoleOutput))
#28 {main}
"} 
[2022-11-21 11:56:18] local.ERROR: In order to use the Auth::routes() method, please install the laravel/ui package. {"exception":"[object] (RuntimeException(code: 0): In order to use the Auth::routes() method, please install the laravel/ui package. at /Applications/MAMP/htdocs/laravel-go/vendor/laravel/framework/src/Illuminate/Support/Facades/Auth.php:60)
[stacktrace]
#0 /Applications/MAMP/htdocs/laravel-go/routes/web.php(23): Illuminate\\Support\\Facades\\Auth::routes()
#1 /Applications/MAMP/htdocs/laravel-go/vendor/laravel/framework/src/Illuminate/Routing/RouteFileRegistrar.php(35): require('/Applications/M...')
#2 /Applications/MAMP/htdocs/laravel-go/vendor/laravel/framework/src/Illuminate/Routing/Router.php(432): Illuminate\\Routing\\RouteFileRegistrar->register('/Applications/M...')
#3 /Applications/MAMP/htdocs/laravel-go/vendor/laravel/framework/src/Illuminate/Routing/Router.php(386): Illuminate\\Routing\\Router->loadRoutes('/Applications/M...')
#4 /Applications/MAMP/htdocs/laravel-go/vendor/laravel/framework/src/Illuminate/Routing/RouteRegistrar.php(166): Illuminate\\Routing\\Router->group(Array, '/Applications/M...')
#5 /Applications/MAMP/htdocs/laravel-go/app/Providers/RouteServiceProvider.php(37): Illuminate\\Routing\\RouteRegistrar->group('/Applications/M...')
#6 /Applications/MAMP/htdocs/laravel-go/vendor/laravel/framework/src/Illuminate/Container/BoundMethod.php(36): App\\Providers\\RouteServiceProvider->App\\Providers\\{closure}()
#7 /Applications/MAMP/htdocs/laravel-go/vendor/laravel/framework/src/Illuminate/Container/Util.php(41): Illuminate\\Container\\BoundMethod::Illuminate\\Container\\{closure}()
#8 /Applications/MAMP/htdocs/laravel-go/vendor/laravel/framework/src/Illuminate/Container/BoundMethod.php(81): Illuminate\\Container\\Util::unwrapIfClosure(Object(Closure))
#9 /Applications/MAMP/htdocs/laravel-go/vendor/laravel/framework/src/Illuminate/Container/BoundMethod.php(37): Illuminate\\Container\\BoundMethod::callBoundMethod(Object(Illuminate\\Foundation\\Application), Object(Closure), Object(Closure))
#10 /Applications/MAMP/htdocs/laravel-go/vendor/laravel/framework/src/Illuminate/Container/Container.php(651): Illuminate\\Container\\BoundMethod::call(Object(Illuminate\\Foundation\\Application), Object(Closure), Array, NULL)
#11 /Applications/MAMP/htdocs/laravel-go/vendor/laravel/framework/src/Illuminate/Foundation/Support/Providers/RouteServiceProvider.php(120): Illuminate\\Container\\Container->call(Object(Closure))
#12 /Applications/MAMP/htdocs/laravel-go/vendor/laravel/framework/src/Illuminate/Foundation/Support/Providers/RouteServiceProvider.php(45): Illuminate\\Foundation\\Support\\Providers\\RouteServiceProvider->loadRoutes()
#13 /Applications/MAMP/htdocs/laravel-go/vendor/laravel/framework/src/Illuminate/Container/BoundMethod.php(36): Illuminate\\Foundation\\Support\\Providers\\RouteServiceProvider->Illuminate\\Foundation\\Support\\Providers\\{closure}()
#14 /Applications/MAMP/htdocs/laravel-go/vendor/laravel/framework/src/Illuminate/Container/Util.php(41): Illuminate\\Container\\BoundMethod::Illuminate\\Container\\{closure}()
#15 /Applications/MAMP/htdocs/laravel-go/vendor/laravel/framework/src/Illuminate/Container/BoundMethod.php(81): Illuminate\\Container\\Util::unwrapIfClosure(Object(Closure))
#16 /Applications/MAMP/htdocs/laravel-go/vendor/laravel/framework/src/Illuminate/Container/BoundMethod.php(37): Illuminate\\Container\\BoundMethod::callBoundMethod(Object(Illuminate\\Foundation\\Application), Object(Closure), Object(Closure))
#17 /Applications/MAMP/htdocs/laravel-go/vendor/laravel/framework/src/Illuminate/Container/Container.php(651): Illuminate\\Container\\BoundMethod::call(Object(Illuminate\\Foundation\\Application), Object(Closure), Array, NULL)
#18 /Applications/MAMP/htdocs/laravel-go/vendor/laravel/framework/src/Illuminate/Support/ServiceProvider.php(119): Illuminate\\Container\\Container->call(Object(Closure))
#19 /Applications/MAMP/htdocs/laravel-go/vendor/laravel/framework/src/Illuminate/Foundation/Application.php(936): Illuminate\\Support\\ServiceProvider->callBootedCallbacks()
#20 /Applications/MAMP/htdocs/laravel-go/vendor/laravel/framework/src/Illuminate/Foundation/Application.php(914): Illuminate\\Foundation\\Application->bootProvider(Object(App\\Providers\\RouteServiceProvider))
#21 [internal function]: Illuminate\\Foundation\\Application->Illuminate\\Foundation\\{closure}(Object(App\\Providers\\RouteServiceProvider), 23)
#22 /Applications/MAMP/htdocs/laravel-go/vendor/laravel/framework/src/Illuminate/Foundation/Application.php(915): array_walk(Array, Object(Closure))
#23 /Applications/MAMP/htdocs/laravel-go/vendor/laravel/framework/src/Illuminate/Foundation/Bootstrap/BootProviders.php(17): Illuminate\\Foundation\\Application->boot()
#24 /Applications/MAMP/htdocs/laravel-go/vendor/laravel/framework/src/Illuminate/Foundation/Application.php(242): Illuminate\\Foundation\\Bootstrap\\BootProviders->bootstrap(Object(Illuminate\\Foundation\\Application))
#25 /Applications/MAMP/htdocs/laravel-go/vendor/laravel/framework/src/Illuminate/Foundation/Console/Kernel.php(383): Illuminate\\Foundation\\Application->bootstrapWith(Array)
#26 /Applications/MAMP/htdocs/laravel-go/vendor/laravel/framework/src/Illuminate/Foundation/Console/Kernel.php(153): Illuminate\\Foundation\\Console\\Kernel->bootstrap()
#27 /Applications/MAMP/htdocs/laravel-go/artisan(37): Illuminate\\Foundation\\Console\\Kernel->handle(Object(Symfony\\Component\\Console\\Input\\ArgvInput), Object(Symfony\\Component\\Console\\Output\\ConsoleOutput))
#28 {main}
"} 
[2022-11-21 11:56:23] local.ERROR: In order to use the Auth::routes() method, please install the laravel/ui package. {"exception":"[object] (RuntimeException(code: 0): In order to use the Auth::routes() method, please install the laravel/ui package. at /Applications/MAMP/htdocs/laravel-go/vendor/laravel/framework/src/Illuminate/Support/Facades/Auth.php:60)
[stacktrace]
#0 /Applications/MAMP/htdocs/laravel-go/routes/web.php(23): Illuminate\\Support\\Facades\\Auth::routes()
#1 /Applications/MAMP/htdocs/laravel-go/vendor/laravel/framework/src/Illuminate/Routing/RouteFileRegistrar.php(35): require('/Applications/M...')
#2 /Applications/MAMP/htdocs/laravel-go/vendor/laravel/framework/src/Illuminate/Routing/Router.php(432): Illuminate\\Routing\\RouteFileRegistrar->register('/Applications/M...')
#3 /Applications/MAMP/htdocs/laravel-go/vendor/laravel/framework/src/Illuminate/Routing/Router.php(386): Illuminate\\Routing\\Router->loadRoutes('/Applications/M...')
#4 /Applications/MAMP/htdocs/laravel-go/vendor/laravel/framework/src/Illuminate/Routing/RouteRegistrar.php(166): Illuminate\\Routing\\Router->group(Array, '/Applications/M...')
#5 /Applications/MAMP/htdocs/laravel-go/app/Providers/RouteServiceProvider.php(37): Illuminate\\Routing\\RouteRegistrar->group('/Applications/M...')
#6 /Applications/MAMP/htdocs/laravel-go/vendor/laravel/framework/src/Illuminate/Container/BoundMethod.php(36): App\\Providers\\RouteServiceProvider->App\\Providers\\{closure}()
#7 /Applications/MAMP/htdocs/laravel-go/vendor/laravel/framework/src/Illuminate/Container/Util.php(41): Illuminate\\Container\\BoundMethod::Illuminate\\Container\\{closure}()
#8 /Applications/MAMP/htdocs/laravel-go/vendor/laravel/framework/src/Illuminate/Container/BoundMethod.php(81): Illuminate\\Container\\Util::unwrapIfClosure(Object(Closure))
#9 /Applications/MAMP/htdocs/laravel-go/vendor/laravel/framework/src/Illuminate/Container/BoundMethod.php(37): Illuminate\\Container\\BoundMethod::callBoundMethod(Object(Illuminate\\Foundation\\Application), Object(Closure), Object(Closure))
#10 /Applications/MAMP/htdocs/laravel-go/vendor/laravel/framework/src/Illuminate/Container/Container.php(651): Illuminate\\Container\\BoundMethod::call(Object(Illuminate\\Foundation\\Application), Object(Closure), Array, NULL)
#11 /Applications/MAMP/htdocs/laravel-go/vendor/laravel/framework/src/Illuminate/Foundation/Support/Providers/RouteServiceProvider.php(120): Illuminate\\Container\\Container->call(Object(Closure))
#12 /Applications/MAMP/htdocs/laravel-go/vendor/laravel/framework/src/Illuminate/Foundation/Support/Providers/RouteServiceProvider.php(45): Illuminate\\Foundation\\Support\\Providers\\RouteServiceProvider->loadRoutes()
#13 /Applications/MAMP/htdocs/laravel-go/vendor/laravel/framework/src/Illuminate/Container/BoundMethod.php(36): Illuminate\\Foundation\\Support\\Providers\\RouteServiceProvider->Illuminate\\Foundation\\Support\\Providers\\{closure}()
#14 /Applications/MAMP/htdocs/laravel-go/vendor/laravel/framework/src/Illuminate/Container/Util.php(41): Illuminate\\Container\\BoundMethod::Illuminate\\Container\\{closure}()
#15 /Applications/MAMP/htdocs/laravel-go/vendor/laravel/framework/src/Illuminate/Container/BoundMethod.php(81): Illuminate\\Container\\Util::unwrapIfClosure(Object(Closure))
#16 /Applications/MAMP/htdocs/laravel-go/vendor/laravel/framework/src/Illuminate/Container/BoundMethod.php(37): Illuminate\\Container\\BoundMethod::callBoundMethod(Object(Illuminate\\Foundation\\Application), Object(Closure), Object(Closure))
#17 /Applications/MAMP/htdocs/laravel-go/vendor/laravel/framework/src/Illuminate/Container/Container.php(651): Illuminate\\Container\\BoundMethod::call(Object(Illuminate\\Foundation\\Application), Object(Closure), Array, NULL)
#18 /Applications/MAMP/htdocs/laravel-go/vendor/laravel/framework/src/Illuminate/Support/ServiceProvider.php(119): Illuminate\\Container\\Container->call(Object(Closure))
#19 /Applications/MAMP/htdocs/laravel-go/vendor/laravel/framework/src/Illuminate/Foundation/Application.php(936): Illuminate\\Support\\ServiceProvider->callBootedCallbacks()
#20 /Applications/MAMP/htdocs/laravel-go/vendor/laravel/framework/src/Illuminate/Foundation/Application.php(914): Illuminate\\Foundation\\Application->bootProvider(Object(App\\Providers\\RouteServiceProvider))
#21 [internal function]: Illuminate\\Foundation\\Application->Illuminate\\Foundation\\{closure}(Object(App\\Providers\\RouteServiceProvider), 23)
#22 /Applications/MAMP/htdocs/laravel-go/vendor/laravel/framework/src/Illuminate/Foundation/Application.php(915): array_walk(Array, Object(Closure))
#23 /Applications/MAMP/htdocs/laravel-go/vendor/laravel/framework/src/Illuminate/Foundation/Bootstrap/BootProviders.php(17): Illuminate\\Foundation\\Application->boot()
#24 /Applications/MAMP/htdocs/laravel-go/vendor/laravel/framework/src/Illuminate/Foundation/Application.php(242): Illuminate\\Foundation\\Bootstrap\\BootProviders->bootstrap(Object(Illuminate\\Foundation\\Application))
#25 /Applications/MAMP/htdocs/laravel-go/vendor/laravel/framework/src/Illuminate/Foundation/Console/Kernel.php(383): Illuminate\\Foundation\\Application->bootstrapWith(Array)
#26 /Applications/MAMP/htdocs/laravel-go/vendor/laravel/framework/src/Illuminate/Foundation/Console/Kernel.php(153): Illuminate\\Foundation\\Console\\Kernel->bootstrap()
#27 /Applications/MAMP/htdocs/laravel-go/artisan(37): Illuminate\\Foundation\\Console\\Kernel->handle(Object(Symfony\\Component\\Console\\Input\\ArgvInput), Object(Symfony\\Component\\Console\\Output\\ConsoleOutput))
#28 {main}
"} 
[2022-11-21 11:57:31] local.ERROR: In order to use the Auth::routes() method, please install the laravel/ui package. {"exception":"[object] (RuntimeException(code: 0): In order to use the Auth::routes() method, please install the laravel/ui package. at /Applications/MAMP/htdocs/laravel-sample/vendor/laravel/framework/src/Illuminate/Support/Facades/Auth.php:60)
[stacktrace]
#0 /Applications/MAMP/htdocs/laravel-sample/routes/web.php(23): Illuminate\\Support\\Facades\\Auth::routes()
#1 /Applications/MAMP/htdocs/laravel-sample/vendor/laravel/framework/src/Illuminate/Routing/RouteFileRegistrar.php(35): require('/Applications/M...')
#2 /Applications/MAMP/htdocs/laravel-sample/vendor/laravel/framework/src/Illuminate/Routing/Router.php(432): Illuminate\\Routing\\RouteFileRegistrar->register('/Applications/M...')
#3 /Applications/MAMP/htdocs/laravel-sample/vendor/laravel/framework/src/Illuminate/Routing/Router.php(386): Illuminate\\Routing\\Router->loadRoutes('/Applications/M...')
#4 /Applications/MAMP/htdocs/laravel-sample/vendor/laravel/framework/src/Illuminate/Routing/RouteRegistrar.php(166): Illuminate\\Routing\\Router->group(Array, '/Applications/M...')
#5 /Applications/MAMP/htdocs/laravel-sample/app/Providers/RouteServiceProvider.php(37): Illuminate\\Routing\\RouteRegistrar->group('/Applications/M...')
#6 /Applications/MAMP/htdocs/laravel-sample/vendor/laravel/framework/src/Illuminate/Container/BoundMethod.php(36): App\\Providers\\RouteServiceProvider->App\\Providers\\{closure}()
#7 /Applications/MAMP/htdocs/laravel-sample/vendor/laravel/framework/src/Illuminate/Container/Util.php(41): Illuminate\\Container\\BoundMethod::Illuminate\\Container\\{closure}()
#8 /Applications/MAMP/htdocs/laravel-sample/vendor/laravel/framework/src/Illuminate/Container/BoundMethod.php(81): Illuminate\\Container\\Util::unwrapIfClosure(Object(Closure))
#9 /Applications/MAMP/htdocs/laravel-sample/vendor/laravel/framework/src/Illuminate/Container/BoundMethod.php(37): Illuminate\\Container\\BoundMethod::callBoundMethod(Object(Illuminate\\Foundation\\Application), Object(Closure), Object(Closure))
#10 /Applications/MAMP/htdocs/laravel-sample/vendor/laravel/framework/src/Illuminate/Container/Container.php(651): Illuminate\\Container\\BoundMethod::call(Object(Illuminate\\Foundation\\Application), Object(Closure), Array, NULL)
#11 /Applications/MAMP/htdocs/laravel-sample/vendor/laravel/framework/src/Illuminate/Foundation/Support/Providers/RouteServiceProvider.php(120): Illuminate\\Container\\Container->call(Object(Closure))
#12 /Applications/MAMP/htdocs/laravel-sample/vendor/laravel/framework/src/Illuminate/Foundation/Support/Providers/RouteServiceProvider.php(45): Illuminate\\Foundation\\Support\\Providers\\RouteServiceProvider->loadRoutes()
#13 /Applications/MAMP/htdocs/laravel-sample/vendor/laravel/framework/src/Illuminate/Container/BoundMethod.php(36): Illuminate\\Foundation\\Support\\Providers\\RouteServiceProvider->Illuminate\\Foundation\\Support\\Providers\\{closure}()
#14 /Applications/MAMP/htdocs/laravel-sample/vendor/laravel/framework/src/Illuminate/Container/Util.php(41): Illuminate\\Container\\BoundMethod::Illuminate\\Container\\{closure}()
#15 /Applications/MAMP/htdocs/laravel-sample/vendor/laravel/framework/src/Illuminate/Container/BoundMethod.php(81): Illuminate\\Container\\Util::unwrapIfClosure(Object(Closure))
#16 /Applications/MAMP/htdocs/laravel-sample/vendor/laravel/framework/src/Illuminate/Container/BoundMethod.php(37): Illuminate\\Container\\BoundMethod::callBoundMethod(Object(Illuminate\\Foundation\\Application), Object(Closure), Object(Closure))
#17 /Applications/MAMP/htdocs/laravel-sample/vendor/laravel/framework/src/Illuminate/Container/Container.php(651): Illuminate\\Container\\BoundMethod::call(Object(Illuminate\\Foundation\\Application), Object(Closure), Array, NULL)
#18 /Applications/MAMP/htdocs/laravel-sample/vendor/laravel/framework/src/Illuminate/Support/ServiceProvider.php(119): Illuminate\\Container\\Container->call(Object(Closure))
#19 /Applications/MAMP/htdocs/laravel-sample/vendor/laravel/framework/src/Illuminate/Foundation/Application.php(936): Illuminate\\Support\\ServiceProvider->callBootedCallbacks()
#20 /Applications/MAMP/htdocs/laravel-sample/vendor/laravel/framework/src/Illuminate/Foundation/Application.php(914): Illuminate\\Foundation\\Application->bootProvider(Object(App\\Providers\\RouteServiceProvider))
#21 [internal function]: Illuminate\\Foundation\\Application->Illuminate\\Foundation\\{closure}(Object(App\\Providers\\RouteServiceProvider), 23)
#22 /Applications/MAMP/htdocs/laravel-sample/vendor/laravel/framework/src/Illuminate/Foundation/Application.php(915): array_walk(Array, Object(Closure))
#23 /Applications/MAMP/htdocs/laravel-sample/vendor/laravel/framework/src/Illuminate/Foundation/Bootstrap/BootProviders.php(17): Illuminate\\Foundation\\Application->boot()
#24 /Applications/MAMP/htdocs/laravel-sample/vendor/laravel/framework/src/Illuminate/Foundation/Application.php(242): Illuminate\\Foundation\\Bootstrap\\BootProviders->bootstrap(Object(Illuminate\\Foundation\\Application))
#25 /Applications/MAMP/htdocs/laravel-sample/vendor/laravel/framework/src/Illuminate/Foundation/Console/Kernel.php(383): Illuminate\\Foundation\\Application->bootstrapWith(Array)
#26 /Applications/MAMP/htdocs/laravel-sample/vendor/laravel/framework/src/Illuminate/Foundation/Console/Kernel.php(153): Illuminate\\Foundation\\Console\\Kernel->bootstrap()
#27 /Applications/MAMP/htdocs/laravel-sample/artisan(37): Illuminate\\Foundation\\Console\\Kernel->handle(Object(Symfony\\Component\\Console\\Input\\ArgvInput), Object(Symfony\\Component\\Console\\Output\\ConsoleOutput))
#28 {main}
"} 
[2022-11-21 11:58:44] local.ERROR: In order to use the Auth::routes() method, please install the laravel/ui package. {"exception":"[object] (RuntimeException(code: 0): In order to use the Auth::routes() method, please install the laravel/ui package. at /Applications/MAMP/htdocs/laravel-sample/vendor/laravel/framework/src/Illuminate/Support/Facades/Auth.php:60)
[stacktrace]
#0 /Applications/MAMP/htdocs/laravel-sample/routes/web.php(23): Illuminate\\Support\\Facades\\Auth::routes()
#1 /Applications/MAMP/htdocs/laravel-sample/vendor/laravel/framework/src/Illuminate/Routing/RouteFileRegistrar.php(35): require('/Applications/M...')
#2 /Applications/MAMP/htdocs/laravel-sample/vendor/laravel/framework/src/Illuminate/Routing/Router.php(432): Illuminate\\Routing\\RouteFileRegistrar->register('/Applications/M...')
#3 /Applications/MAMP/htdocs/laravel-sample/vendor/laravel/framework/src/Illuminate/Routing/Router.php(386): Illuminate\\Routing\\Router->loadRoutes('/Applications/M...')
#4 /Applications/MAMP/htdocs/laravel-sample/vendor/laravel/framework/src/Illuminate/Routing/RouteRegistrar.php(166): Illuminate\\Routing\\Router->group(Array, '/Applications/M...')
#5 /Applications/MAMP/htdocs/laravel-sample/app/Providers/RouteServiceProvider.php(37): Illuminate\\Routing\\RouteRegistrar->group('/Applications/M...')
#6 /Applications/MAMP/htdocs/laravel-sample/vendor/laravel/framework/src/Illuminate/Container/BoundMethod.php(36): App\\Providers\\RouteServiceProvider->App\\Providers\\{closure}()
#7 /Applications/MAMP/htdocs/laravel-sample/vendor/laravel/framework/src/Illuminate/Container/Util.php(41): Illuminate\\Container\\BoundMethod::Illuminate\\Container\\{closure}()
#8 /Applications/MAMP/htdocs/laravel-sample/vendor/laravel/framework/src/Illuminate/Container/BoundMethod.php(81): Illuminate\\Container\\Util::unwrapIfClosure(Object(Closure))
#9 /Applications/MAMP/htdocs/laravel-sample/vendor/laravel/framework/src/Illuminate/Container/BoundMethod.php(37): Illuminate\\Container\\BoundMethod::callBoundMethod(Object(Illuminate\\Foundation\\Application), Object(Closure), Object(Closure))
#10 /Applications/MAMP/htdocs/laravel-sample/vendor/laravel/framework/src/Illuminate/Container/Container.php(651): Illuminate\\Container\\BoundMethod::call(Object(Illuminate\\Foundation\\Application), Object(Closure), Array, NULL)
#11 /Applications/MAMP/htdocs/laravel-sample/vendor/laravel/framework/src/Illuminate/Foundation/Support/Providers/RouteServiceProvider.php(120): Illuminate\\Container\\Container->call(Object(Closure))
#12 /Applications/MAMP/htdocs/laravel-sample/vendor/laravel/framework/src/Illuminate/Foundation/Support/Providers/RouteServiceProvider.php(45): Illuminate\\Foundation\\Support\\Providers\\RouteServiceProvider->loadRoutes()
#13 /Applications/MAMP/htdocs/laravel-sample/vendor/laravel/framework/src/Illuminate/Container/BoundMethod.php(36): Illuminate\\Foundation\\Support\\Providers\\RouteServiceProvider->Illuminate\\Foundation\\Support\\Providers\\{closure}()
#14 /Applications/MAMP/htdocs/laravel-sample/vendor/laravel/framework/src/Illuminate/Container/Util.php(41): Illuminate\\Container\\BoundMethod::Illuminate\\Container\\{closure}()
#15 /Applications/MAMP/htdocs/laravel-sample/vendor/laravel/framework/src/Illuminate/Container/BoundMethod.php(81): Illuminate\\Container\\Util::unwrapIfClosure(Object(Closure))
#16 /Applications/MAMP/htdocs/laravel-sample/vendor/laravel/framework/src/Illuminate/Container/BoundMethod.php(37): Illuminate\\Container\\BoundMethod::callBoundMethod(Object(Illuminate\\Foundation\\Application), Object(Closure), Object(Closure))
#17 /Applications/MAMP/htdocs/laravel-sample/vendor/laravel/framework/src/Illuminate/Container/Container.php(651): Illuminate\\Container\\BoundMethod::call(Object(Illuminate\\Foundation\\Application), Object(Closure), Array, NULL)
#18 /Applications/MAMP/htdocs/laravel-sample/vendor/laravel/framework/src/Illuminate/Support/ServiceProvider.php(119): Illuminate\\Container\\Container->call(Object(Closure))
#19 /Applications/MAMP/htdocs/laravel-sample/vendor/laravel/framework/src/Illuminate/Foundation/Application.php(936): Illuminate\\Support\\ServiceProvider->callBootedCallbacks()
#20 /Applications/MAMP/htdocs/laravel-sample/vendor/laravel/framework/src/Illuminate/Foundation/Application.php(914): Illuminate\\Foundation\\Application->bootProvider(Object(App\\Providers\\RouteServiceProvider))
#21 [internal function]: Illuminate\\Foundation\\Application->Illuminate\\Foundation\\{closure}(Object(App\\Providers\\RouteServiceProvider), 23)
#22 /Applications/MAMP/htdocs/laravel-sample/vendor/laravel/framework/src/Illuminate/Foundation/Application.php(915): array_walk(Array, Object(Closure))
#23 /Applications/MAMP/htdocs/laravel-sample/vendor/laravel/framework/src/Illuminate/Foundation/Bootstrap/BootProviders.php(17): Illuminate\\Foundation\\Application->boot()
#24 /Applications/MAMP/htdocs/laravel-sample/vendor/laravel/framework/src/Illuminate/Foundation/Application.php(242): Illuminate\\Foundation\\Bootstrap\\BootProviders->bootstrap(Object(Illuminate\\Foundation\\Application))
#25 /Applications/MAMP/htdocs/laravel-sample/vendor/laravel/framework/src/Illuminate/Foundation/Console/Kernel.php(383): Illuminate\\Foundation\\Application->bootstrapWith(Array)
#26 /Applications/MAMP/htdocs/laravel-sample/vendor/laravel/framework/src/Illuminate/Foundation/Console/Kernel.php(153): Illuminate\\Foundation\\Console\\Kernel->bootstrap()
#27 /Applications/MAMP/htdocs/laravel-sample/artisan(37): Illuminate\\Foundation\\Console\\Kernel->handle(Object(Symfony\\Component\\Console\\Input\\ArgvInput), Object(Symfony\\Component\\Console\\Output\\ConsoleOutput))
#28 {main}
"} 
[2022-11-21 11:58:47] local.ERROR: In order to use the Auth::routes() method, please install the laravel/ui package. {"exception":"[object] (RuntimeException(code: 0): In order to use the Auth::routes() method, please install the laravel/ui package. at /Applications/MAMP/htdocs/laravel-sample/vendor/laravel/framework/src/Illuminate/Support/Facades/Auth.php:60)
[stacktrace]
#0 /Applications/MAMP/htdocs/laravel-sample/routes/web.php(23): Illuminate\\Support\\Facades\\Auth::routes()
#1 /Applications/MAMP/htdocs/laravel-sample/vendor/laravel/framework/src/Illuminate/Routing/RouteFileRegistrar.php(35): require('/Applications/M...')
#2 /Applications/MAMP/htdocs/laravel-sample/vendor/laravel/framework/src/Illuminate/Routing/Router.php(432): Illuminate\\Routing\\RouteFileRegistrar->register('/Applications/M...')
#3 /Applications/MAMP/htdocs/laravel-sample/vendor/laravel/framework/src/Illuminate/Routing/Router.php(386): Illuminate\\Routing\\Router->loadRoutes('/Applications/M...')
#4 /Applications/MAMP/htdocs/laravel-sample/vendor/laravel/framework/src/Illuminate/Routing/RouteRegistrar.php(166): Illuminate\\Routing\\Router->group(Array, '/Applications/M...')
#5 /Applications/MAMP/htdocs/laravel-sample/app/Providers/RouteServiceProvider.php(37): Illuminate\\Routing\\RouteRegistrar->group('/Applications/M...')
#6 /Applications/MAMP/htdocs/laravel-sample/vendor/laravel/framework/src/Illuminate/Container/BoundMethod.php(36): App\\Providers\\RouteServiceProvider->App\\Providers\\{closure}()
#7 /Applications/MAMP/htdocs/laravel-sample/vendor/laravel/framework/src/Illuminate/Container/Util.php(41): Illuminate\\Container\\BoundMethod::Illuminate\\Container\\{closure}()
#8 /Applications/MAMP/htdocs/laravel-sample/vendor/laravel/framework/src/Illuminate/Container/BoundMethod.php(81): Illuminate\\Container\\Util::unwrapIfClosure(Object(Closure))
#9 /Applications/MAMP/htdocs/laravel-sample/vendor/laravel/framework/src/Illuminate/Container/BoundMethod.php(37): Illuminate\\Container\\BoundMethod::callBoundMethod(Object(Illuminate\\Foundation\\Application), Object(Closure), Object(Closure))
#10 /Applications/MAMP/htdocs/laravel-sample/vendor/laravel/framework/src/Illuminate/Container/Container.php(651): Illuminate\\Container\\BoundMethod::call(Object(Illuminate\\Foundation\\Application), Object(Closure), Array, NULL)
#11 /Applications/MAMP/htdocs/laravel-sample/vendor/laravel/framework/src/Illuminate/Foundation/Support/Providers/RouteServiceProvider.php(120): Illuminate\\Container\\Container->call(Object(Closure))
#12 /Applications/MAMP/htdocs/laravel-sample/vendor/laravel/framework/src/Illuminate/Foundation/Support/Providers/RouteServiceProvider.php(45): Illuminate\\Foundation\\Support\\Providers\\RouteServiceProvider->loadRoutes()
#13 /Applications/MAMP/htdocs/laravel-sample/vendor/laravel/framework/src/Illuminate/Container/BoundMethod.php(36): Illuminate\\Foundation\\Support\\Providers\\RouteServiceProvider->Illuminate\\Foundation\\Support\\Providers\\{closure}()
#14 /Applications/MAMP/htdocs/laravel-sample/vendor/laravel/framework/src/Illuminate/Container/Util.php(41): Illuminate\\Container\\BoundMethod::Illuminate\\Container\\{closure}()
#15 /Applications/MAMP/htdocs/laravel-sample/vendor/laravel/framework/src/Illuminate/Container/BoundMethod.php(81): Illuminate\\Container\\Util::unwrapIfClosure(Object(Closure))
#16 /Applications/MAMP/htdocs/laravel-sample/vendor/laravel/framework/src/Illuminate/Container/BoundMethod.php(37): Illuminate\\Container\\BoundMethod::callBoundMethod(Object(Illuminate\\Foundation\\Application), Object(Closure), Object(Closure))
#17 /Applications/MAMP/htdocs/laravel-sample/vendor/laravel/framework/src/Illuminate/Container/Container.php(651): Illuminate\\Container\\BoundMethod::call(Object(Illuminate\\Foundation\\Application), Object(Closure), Array, NULL)
#18 /Applications/MAMP/htdocs/laravel-sample/vendor/laravel/framework/src/Illuminate/Support/ServiceProvider.php(119): Illuminate\\Container\\Container->call(Object(Closure))
#19 /Applications/MAMP/htdocs/laravel-sample/vendor/laravel/framework/src/Illuminate/Foundation/Application.php(936): Illuminate\\Support\\ServiceProvider->callBootedCallbacks()
#20 /Applications/MAMP/htdocs/laravel-sample/vendor/laravel/framework/src/Illuminate/Foundation/Application.php(914): Illuminate\\Foundation\\Application->bootProvider(Object(App\\Providers\\RouteServiceProvider))
#21 [internal function]: Illuminate\\Foundation\\Application->Illuminate\\Foundation\\{closure}(Object(App\\Providers\\RouteServiceProvider), 23)
#22 /Applications/MAMP/htdocs/laravel-sample/vendor/laravel/framework/src/Illuminate/Foundation/Application.php(915): array_walk(Array, Object(Closure))
#23 /Applications/MAMP/htdocs/laravel-sample/vendor/laravel/framework/src/Illuminate/Foundation/Bootstrap/BootProviders.php(17): Illuminate\\Foundation\\Application->boot()
#24 /Applications/MAMP/htdocs/laravel-sample/vendor/laravel/framework/src/Illuminate/Foundation/Application.php(242): Illuminate\\Foundation\\Bootstrap\\BootProviders->bootstrap(Object(Illuminate\\Foundation\\Application))
#25 /Applications/MAMP/htdocs/laravel-sample/vendor/laravel/framework/src/Illuminate/Foundation/Console/Kernel.php(383): Illuminate\\Foundation\\Application->bootstrapWith(Array)
#26 /Applications/MAMP/htdocs/laravel-sample/vendor/laravel/framework/src/Illuminate/Foundation/Console/Kernel.php(153): Illuminate\\Foundation\\Console\\Kernel->bootstrap()
#27 /Applications/MAMP/htdocs/laravel-sample/artisan(37): Illuminate\\Foundation\\Console\\Kernel->handle(Object(Symfony\\Component\\Console\\Input\\ArgvInput), Object(Symfony\\Component\\Console\\Output\\ConsoleOutput))
#28 {main}
"} 
[2022-11-21 11:58:49] local.ERROR: In order to use the Auth::routes() method, please install the laravel/ui package. {"exception":"[object] (RuntimeException(code: 0): In order to use the Auth::routes() method, please install the laravel/ui package. at /Applications/MAMP/htdocs/laravel-sample/vendor/laravel/framework/src/Illuminate/Support/Facades/Auth.php:60)
[stacktrace]
#0 /Applications/MAMP/htdocs/laravel-sample/routes/web.php(23): Illuminate\\Support\\Facades\\Auth::routes()
#1 /Applications/MAMP/htdocs/laravel-sample/vendor/laravel/framework/src/Illuminate/Routing/RouteFileRegistrar.php(35): require('/Applications/M...')
#2 /Applications/MAMP/htdocs/laravel-sample/vendor/laravel/framework/src/Illuminate/Routing/Router.php(432): Illuminate\\Routing\\RouteFileRegistrar->register('/Applications/M...')
#3 /Applications/MAMP/htdocs/laravel-sample/vendor/laravel/framework/src/Illuminate/Routing/Router.php(386): Illuminate\\Routing\\Router->loadRoutes('/Applications/M...')
#4 /Applications/MAMP/htdocs/laravel-sample/vendor/laravel/framework/src/Illuminate/Routing/RouteRegistrar.php(166): Illuminate\\Routing\\Router->group(Array, '/Applications/M...')
#5 /Applications/MAMP/htdocs/laravel-sample/app/Providers/RouteServiceProvider.php(37): Illuminate\\Routing\\RouteRegistrar->group('/Applications/M...')
#6 /Applications/MAMP/htdocs/laravel-sample/vendor/laravel/framework/src/Illuminate/Container/BoundMethod.php(36): App\\Providers\\RouteServiceProvider->App\\Providers\\{closure}()
#7 /Applications/MAMP/htdocs/laravel-sample/vendor/laravel/framework/src/Illuminate/Container/Util.php(41): Illuminate\\Container\\BoundMethod::Illuminate\\Container\\{closure}()
#8 /Applications/MAMP/htdocs/laravel-sample/vendor/laravel/framework/src/Illuminate/Container/BoundMethod.php(81): Illuminate\\Container\\Util::unwrapIfClosure(Object(Closure))
#9 /Applications/MAMP/htdocs/laravel-sample/vendor/laravel/framework/src/Illuminate/Container/BoundMethod.php(37): Illuminate\\Container\\BoundMethod::callBoundMethod(Object(Illuminate\\Foundation\\Application), Object(Closure), Object(Closure))
#10 /Applications/MAMP/htdocs/laravel-sample/vendor/laravel/framework/src/Illuminate/Container/Container.php(651): Illuminate\\Container\\BoundMethod::call(Object(Illuminate\\Foundation\\Application), Object(Closure), Array, NULL)
#11 /Applications/MAMP/htdocs/laravel-sample/vendor/laravel/framework/src/Illuminate/Foundation/Support/Providers/RouteServiceProvider.php(120): Illuminate\\Container\\Container->call(Object(Closure))
#12 /Applications/MAMP/htdocs/laravel-sample/vendor/laravel/framework/src/Illuminate/Foundation/Support/Providers/RouteServiceProvider.php(45): Illuminate\\Foundation\\Support\\Providers\\RouteServiceProvider->loadRoutes()
#13 /Applications/MAMP/htdocs/laravel-sample/vendor/laravel/framework/src/Illuminate/Container/BoundMethod.php(36): Illuminate\\Foundation\\Support\\Providers\\RouteServiceProvider->Illuminate\\Foundation\\Support\\Providers\\{closure}()
#14 /Applications/MAMP/htdocs/laravel-sample/vendor/laravel/framework/src/Illuminate/Container/Util.php(41): Illuminate\\Container\\BoundMethod::Illuminate\\Container\\{closure}()
#15 /Applications/MAMP/htdocs/laravel-sample/vendor/laravel/framework/src/Illuminate/Container/BoundMethod.php(81): Illuminate\\Container\\Util::unwrapIfClosure(Object(Closure))
#16 /Applications/MAMP/htdocs/laravel-sample/vendor/laravel/framework/src/Illuminate/Container/BoundMethod.php(37): Illuminate\\Container\\BoundMethod::callBoundMethod(Object(Illuminate\\Foundation\\Application), Object(Closure), Object(Closure))
#17 /Applications/MAMP/htdocs/laravel-sample/vendor/laravel/framework/src/Illuminate/Container/Container.php(651): Illuminate\\Container\\BoundMethod::call(Object(Illuminate\\Foundation\\Application), Object(Closure), Array, NULL)
#18 /Applications/MAMP/htdocs/laravel-sample/vendor/laravel/framework/src/Illuminate/Support/ServiceProvider.php(119): Illuminate\\Container\\Container->call(Object(Closure))
#19 /Applications/MAMP/htdocs/laravel-sample/vendor/laravel/framework/src/Illuminate/Foundation/Application.php(936): Illuminate\\Support\\ServiceProvider->callBootedCallbacks()
#20 /Applications/MAMP/htdocs/laravel-sample/vendor/laravel/framework/src/Illuminate/Foundation/Application.php(914): Illuminate\\Foundation\\Application->bootProvider(Object(App\\Providers\\RouteServiceProvider))
#21 [internal function]: Illuminate\\Foundation\\Application->Illuminate\\Foundation\\{closure}(Object(App\\Providers\\RouteServiceProvider), 23)
#22 /Applications/MAMP/htdocs/laravel-sample/vendor/laravel/framework/src/Illuminate/Foundation/Application.php(915): array_walk(Array, Object(Closure))
#23 /Applications/MAMP/htdocs/laravel-sample/vendor/laravel/framework/src/Illuminate/Foundation/Bootstrap/BootProviders.php(17): Illuminate\\Foundation\\Application->boot()
#24 /Applications/MAMP/htdocs/laravel-sample/vendor/laravel/framework/src/Illuminate/Foundation/Application.php(242): Illuminate\\Foundation\\Bootstrap\\BootProviders->bootstrap(Object(Illuminate\\Foundation\\Application))
#25 /Applications/MAMP/htdocs/laravel-sample/vendor/laravel/framework/src/Illuminate/Foundation/Console/Kernel.php(383): Illuminate\\Foundation\\Application->bootstrapWith(Array)
#26 /Applications/MAMP/htdocs/laravel-sample/vendor/laravel/framework/src/Illuminate/Foundation/Console/Kernel.php(153): Illuminate\\Foundation\\Console\\Kernel->bootstrap()
#27 /Applications/MAMP/htdocs/laravel-sample/artisan(37): Illuminate\\Foundation\\Console\\Kernel->handle(Object(Symfony\\Component\\Console\\Input\\ArgvInput), Object(Symfony\\Component\\Console\\Output\\ConsoleOutput))
#28 {main}
"} 
